<?xml version="1.0" encoding="UTF-8"?>
<component-configuration
        xmlns="http://tis.co.jp/nablarch/component-configuration"
        xmlns:xsi="http://www.w3.org/2001/XMLSchema-instance"
        xsi:schemaLocation="http://tis.co.jp/nablarch/component-configuration https://nablarch.github.io/schema/component-configuration.xsd">

  <import file="nablarch/test/test-data-interpreter.xml"/>

  <config-file file="nablarch/test/test-data.config"/>

  <!-- TestDataParser -->
  <component name="testDataParser" class="nablarch.test.core.reader.DbLessTestDataParser">
    <property name="testDataReader">
      <component name="xlsReaderForPoi" class="nablarch.test.core.reader.PoiXlsReader"/>
    </property>
    <property name="interpreters" ref="interpreters"/>
  </component>

</component-configuration>
