<?xml version="1.0" encoding="UTF-8"?>
<component-configuration
        xmlns="http://tis.co.jp/nablarch/component-configuration"
        xmlns:xsi="http://www.w3.org/2001/XMLSchema-instance"
        xsi:schemaLocation="http://tis.co.jp/nablarch/component-configuration https://nablarch.github.io/schema/component-configuration.xsd">


  <!-- DbInfo -->
  <component name="dbInfo" class="please.change.me.test.core.db.Oracle16DbInfo">
    <property name="dataSource" ref="dataSource"/>
    <property name="schema" value="${nablarch.db.schema}"/>
  </component>

</component-configuration>
